\BOOKMARK [0][-]{chapter.1}{\376\377\0001\000\040\000B\000u\000g\000\040\000L\000i\000s\000t}{}% 1
\BOOKMARK [0][-]{chapter.2}{\376\377\0002\000\040\000F\000i\000l\000e\000\040\000I\000n\000d\000e\000x}{}% 2
\BOOKMARK [1][-]{section.2.1}{\376\377\0002\000.\0001\000\040\000F\000i\000l\000e\000\040\000L\000i\000s\000t}{chapter.2}% 3
\BOOKMARK [0][-]{chapter.3}{\376\377\0003\000\040\000F\000i\000l\000e\000\040\000D\000o\000c\000u\000m\000e\000n\000t\000a\000t\000i\000o\000n}{}% 4
\BOOKMARK [1][-]{section.3.1}{\376\377\0003\000.\0001\000\040\000i\000n\000c\000l\000u\000d\000e\000/\000a\000r\000r\000a\000y\000h\000e\000l\000p\000e\000r\000.\000h\000\040\000F\000i\000l\000e\000\040\000R\000e\000f\000e\000r\000e\000n\000c\000e}{chapter.3}% 5
\BOOKMARK [2][-]{subsection.3.1.1}{\376\377\0003\000.\0001\000.\0001\000\040\000D\000e\000t\000a\000i\000l\000e\000d\000\040\000D\000e\000s\000c\000r\000i\000p\000t\000i\000o\000n}{section.3.1}% 6
\BOOKMARK [2][-]{subsection.3.1.2}{\376\377\0003\000.\0001\000.\0002\000\040\000M\000a\000c\000r\000o\000\040\000D\000e\000f\000i\000n\000i\000t\000i\000o\000n\000\040\000D\000o\000c\000u\000m\000e\000n\000t\000a\000t\000i\000o\000n}{section.3.1}% 7
\BOOKMARK [3][-]{subsubsection.3.1.2.1}{\376\377\0003\000.\0001\000.\0002\000.\0001\000\040\000A\000R\000R\000A\000Y\000\137\000S\000I\000Z\000E}{subsection.3.1.2}% 8
\BOOKMARK [1][-]{section.3.2}{\376\377\0003\000.\0002\000\040\000i\000n\000c\000l\000u\000d\000e\000/\000c\000h\000a\000r\000h\000e\000l\000p\000e\000r\000.\000h\000\040\000F\000i\000l\000e\000\040\000R\000e\000f\000e\000r\000e\000n\000c\000e}{chapter.3}% 9
\BOOKMARK [2][-]{subsection.3.2.1}{\376\377\0003\000.\0002\000.\0001\000\040\000M\000a\000c\000r\000o\000\040\000D\000e\000f\000i\000n\000i\000t\000i\000o\000n\000\040\000D\000o\000c\000u\000m\000e\000n\000t\000a\000t\000i\000o\000n}{section.3.2}% 10
\BOOKMARK [3][-]{subsubsection.3.2.1.1}{\376\377\0003\000.\0002\000.\0001\000.\0001\000\040\000C\000H\000A\000R\000\137\000E\000S\000C}{subsection.3.2.1}% 11
\BOOKMARK [1][-]{section.3.3}{\376\377\0003\000.\0003\000\040\000i\000n\000c\000l\000u\000d\000e\000/\000m\000t\000x\000h\000e\000l\000p\000e\000r\000.\000h\000\040\000F\000i\000l\000e\000\040\000R\000e\000f\000e\000r\000e\000n\000c\000e}{chapter.3}% 12
\BOOKMARK [2][-]{subsection.3.3.1}{\376\377\0003\000.\0003\000.\0001\000\040\000D\000e\000t\000a\000i\000l\000e\000d\000\040\000D\000e\000s\000c\000r\000i\000p\000t\000i\000o\000n}{section.3.3}% 13
\BOOKMARK [2][-]{subsection.3.3.2}{\376\377\0003\000.\0003\000.\0002\000\040\000M\000a\000c\000r\000o\000\040\000D\000e\000f\000i\000n\000i\000t\000i\000o\000n\000\040\000D\000o\000c\000u\000m\000e\000n\000t\000a\000t\000i\000o\000n}{section.3.3}% 14
\BOOKMARK [3][-]{subsubsection.3.3.2.1}{\376\377\0003\000.\0003\000.\0002\000.\0001\000\040\000D\000E\000C\000L\000A\000R\000E\000\137\000M\000U\000T\000E\000X\000\137\000E\000X\000T\000E\000R\000N}{subsection.3.3.2}% 15
\BOOKMARK [3][-]{subsubsection.3.3.2.2}{\376\377\0003\000.\0003\000.\0002\000.\0002\000\040\000D\000E\000C\000L\000A\000R\000E\000\137\000M\000U\000T\000E\000X\000\137\000V\000A\000R}{subsection.3.3.2}% 16
\BOOKMARK [3][-]{subsubsection.3.3.2.3}{\376\377\0003\000.\0003\000.\0002\000.\0003\000\040\000I\000N\000I\000T\000\137\000V\000A\000R\000\137\000M\000U\000T\000E\000X}{subsection.3.3.2}% 17
\BOOKMARK [3][-]{subsubsection.3.3.2.4}{\376\377\0003\000.\0003\000.\0002\000.\0004\000\040\000L\000O\000C\000K\000\137\000V\000A\000R\000\137\000M\000U\000T\000E\000X}{subsection.3.3.2}% 18
\BOOKMARK [3][-]{subsubsection.3.3.2.5}{\376\377\0003\000.\0003\000.\0002\000.\0005\000\040\000S\000E\000T\000\137\000M\000U\000T\000E\000X\000\137\000V\000A\000R}{subsection.3.3.2}% 19
\BOOKMARK [3][-]{subsubsection.3.3.2.6}{\376\377\0003\000.\0003\000.\0002\000.\0006\000\040\000U\000N\000L\000O\000C\000K\000\137\000V\000A\000R\000\137\000M\000U\000T\000E\000X}{subsection.3.3.2}% 20
\BOOKMARK [1][-]{section.3.4}{\376\377\0003\000.\0004\000\040\000i\000n\000c\000l\000u\000d\000e\000/\000t\000u\000i\000.\000h\000\040\000F\000i\000l\000e\000\040\000R\000e\000f\000e\000r\000e\000n\000c\000e}{chapter.3}% 21
\BOOKMARK [2][-]{subsection.3.4.1}{\376\377\0003\000.\0004\000.\0001\000\040\000M\000a\000c\000r\000o\000\040\000D\000e\000f\000i\000n\000i\000t\000i\000o\000n\000\040\000D\000o\000c\000u\000m\000e\000n\000t\000a\000t\000i\000o\000n}{section.3.4}% 22
\BOOKMARK [3][-]{subsubsection.3.4.1.1}{\376\377\0003\000.\0004\000.\0001\000.\0001\000\040\000C\000O\000L\000O\000R\000P\000A\000I\000R\000\137\000B\000L\000A\000C\000K\000\137\000W\000H\000I\000T\000E}{subsection.3.4.1}% 23
\BOOKMARK [3][-]{subsubsection.3.4.1.2}{\376\377\0003\000.\0004\000.\0001\000.\0002\000\040\000C\000O\000L\000O\000R\000P\000A\000I\000R\000\137\000B\000L\000U\000E\000\137\000W\000H\000I\000T\000E}{subsection.3.4.1}% 24
\BOOKMARK [3][-]{subsubsection.3.4.1.3}{\376\377\0003\000.\0004\000.\0001\000.\0003\000\040\000C\000O\000L\000O\000R\000P\000A\000I\000R\000\137\000W\000H\000I\000T\000E\000\137\000B\000L\000A\000C\000K}{subsection.3.4.1}% 25
\BOOKMARK [3][-]{subsubsection.3.4.1.4}{\376\377\0003\000.\0004\000.\0001\000.\0004\000\040\000C\000O\000L\000O\000R\000P\000A\000I\000R\000\137\000W\000H\000I\000T\000E\000\137\000B\000L\000U\000E}{subsection.3.4.1}% 26
\BOOKMARK [2][-]{subsection.3.4.2}{\376\377\0003\000.\0004\000.\0002\000\040\000F\000u\000n\000c\000t\000i\000o\000n\000\040\000D\000o\000c\000u\000m\000e\000n\000t\000a\000t\000i\000o\000n}{section.3.4}% 27
\BOOKMARK [3][-]{subsubsection.3.4.2.1}{\376\377\0003\000.\0004\000.\0002\000.\0001\000\040\000t\000u\000i\000\137\000h\000a\000n\000d\000l\000e\000\137\000i\000n\000p\000u\000t\000\050\000\051}{subsection.3.4.2}% 28
\BOOKMARK [3][-]{subsubsection.3.4.2.2}{\376\377\0003\000.\0004\000.\0002\000.\0002\000\040\000t\000u\000i\000\137\000i\000n\000i\000t\000\050\000\051}{subsection.3.4.2}% 29
\BOOKMARK [3][-]{subsubsection.3.4.2.3}{\376\377\0003\000.\0004\000.\0002\000.\0003\000\040\000t\000u\000i\000\137\000r\000e\000s\000i\000z\000e\000\137\000h\000a\000n\000d\000l\000e\000r\000\050\000\051}{subsection.3.4.2}% 30
\BOOKMARK [3][-]{subsubsection.3.4.2.4}{\376\377\0003\000.\0004\000.\0002\000.\0004\000\040\000t\000u\000i\000\137\000s\000t\000o\000p\000\050\000\051}{subsection.3.4.2}% 31
\BOOKMARK [3][-]{subsubsection.3.4.2.5}{\376\377\0003\000.\0004\000.\0002\000.\0005\000\040\000t\000u\000i\000\137\000u\000p\000d\000a\000t\000e\000\137\000u\000i\000\050\000\051}{subsection.3.4.2}% 32
\BOOKMARK [1][-]{section.3.5}{\376\377\0003\000.\0005\000\040\000s\000r\000c\000/\000m\000a\000i\000n\000.\000c\000\040\000F\000i\000l\000e\000\040\000R\000e\000f\000e\000r\000e\000n\000c\000e}{chapter.3}% 33
\BOOKMARK [2][-]{subsection.3.5.1}{\376\377\0003\000.\0005\000.\0001\000\040\000F\000u\000n\000c\000t\000i\000o\000n\000\040\000D\000o\000c\000u\000m\000e\000n\000t\000a\000t\000i\000o\000n}{section.3.5}% 34
\BOOKMARK [3][-]{subsubsection.3.5.1.1}{\376\377\0003\000.\0005\000.\0001\000.\0001\000\040\000m\000a\000i\000n\000\050\000\051}{subsection.3.5.1}% 35
\BOOKMARK [3][-]{subsubsection.3.5.1.2}{\376\377\0003\000.\0005\000.\0001\000.\0002\000\040\000m\000a\000i\000n\000\137\000i\000n\000t\000\137\000h\000a\000n\000d\000l\000e\000r\000\050\000\051}{subsection.3.5.1}% 36
\BOOKMARK [3][-]{subsubsection.3.5.1.3}{\376\377\0003\000.\0005\000.\0001\000.\0003\000\040\000t\000h\000r\000e\000a\000d\000\137\000t\000u\000i\000\137\000p\000r\000o\000c\000e\000s\000s\000\050\000\051}{subsection.3.5.1}% 37
\BOOKMARK [2][-]{subsection.3.5.2}{\376\377\0003\000.\0005\000.\0002\000\040\000V\000a\000r\000i\000a\000b\000l\000e\000\040\000D\000o\000c\000u\000m\000e\000n\000t\000a\000t\000i\000o\000n}{section.3.5}% 38
\BOOKMARK [3][-]{subsubsection.3.5.2.1}{\376\377\0003\000.\0005\000.\0002\000.\0001\000\040\000c\000a\000u\000g\000h\000t\000\137\000s\000i\000g\000i\000n\000t}{subsection.3.5.2}% 39
\BOOKMARK [3][-]{subsubsection.3.5.2.2}{\376\377\0003\000.\0005\000.\0002\000.\0002\000\040\000d\000o\000\137\000e\000x\000i\000t}{subsection.3.5.2}% 40
\BOOKMARK [3][-]{subsubsection.3.5.2.3}{\376\377\0003\000.\0005\000.\0002\000.\0003\000\040\000t\000i\000d\000\137\000t\000u\000i}{subsection.3.5.2}% 41
\BOOKMARK [1][-]{section.3.6}{\376\377\0003\000.\0006\000\040\000s\000r\000c\000/\000t\000u\000i\000.\000c\000\040\000F\000i\000l\000e\000\040\000R\000e\000f\000e\000r\000e\000n\000c\000e}{chapter.3}% 42
\BOOKMARK [2][-]{subsection.3.6.1}{\376\377\0003\000.\0006\000.\0001\000\040\000F\000u\000n\000c\000t\000i\000o\000n\000\040\000D\000o\000c\000u\000m\000e\000n\000t\000a\000t\000i\000o\000n}{section.3.6}% 43
\BOOKMARK [3][-]{subsubsection.3.6.1.1}{\376\377\0003\000.\0006\000.\0001\000.\0001\000\040\000t\000u\000i\000\137\000d\000r\000a\000w\000\137\000m\000e\000n\000u\000\137\000m\000a\000i\000n\000\050\000\051}{subsection.3.6.1}% 44
\BOOKMARK [3][-]{subsubsection.3.6.1.2}{\376\377\0003\000.\0006\000.\0001\000.\0002\000\040\000t\000u\000i\000\137\000d\000r\000a\000w\000\137\000p\000a\000n\000e\000l\000\137\000i\000n\000f\000o\000\050\000\051}{subsection.3.6.1}% 45
\BOOKMARK [3][-]{subsubsection.3.6.1.3}{\376\377\0003\000.\0006\000.\0001\000.\0003\000\040\000t\000u\000i\000\137\000d\000r\000a\000w\000\137\000p\000a\000n\000e\000l\000\137\000n\000o\000t\000i\000f\000y\000\137\000e\000x\000i\000t\000\050\000\051}{subsection.3.6.1}% 46
\BOOKMARK [3][-]{subsubsection.3.6.1.4}{\376\377\0003\000.\0006\000.\0001\000.\0004\000\040\000t\000u\000i\000\137\000d\000r\000a\000w\000\137\000p\000a\000n\000e\000l\000\137\000o\000p\000t\000i\000o\000n\000\137\000m\000e\000n\000u\000\050\000\051}{subsection.3.6.1}% 47
\BOOKMARK [3][-]{subsubsection.3.6.1.5}{\376\377\0003\000.\0006\000.\0001\000.\0005\000\040\000t\000u\000i\000\137\000d\000r\000a\000w\000\137\000p\000a\000n\000e\000l\000\137\000s\000c\000h\000e\000m\000\137\000v\000i\000e\000w\000e\000r\000\050\000\051}{subsection.3.6.1}% 48
\BOOKMARK [3][-]{subsubsection.3.6.1.6}{\376\377\0003\000.\0006\000.\0001\000.\0006\000\040\000t\000u\000i\000\137\000d\000r\000a\000w\000\137\000p\000a\000n\000e\000l\000\137\000s\000r\000c\000\137\000b\000r\000o\000w\000s\000e\000r\000\050\000\051}{subsection.3.6.1}% 49
\BOOKMARK [3][-]{subsubsection.3.6.1.7}{\376\377\0003\000.\0006\000.\0001\000.\0007\000\040\000t\000u\000i\000\137\000d\000r\000a\000w\000\137\000w\000i\000n\000d\000o\000w\000\137\000b\000a\000s\000e\000\050\000\051}{subsection.3.6.1}% 50
\BOOKMARK [3][-]{subsubsection.3.6.1.8}{\376\377\0003\000.\0006\000.\0001\000.\0008\000\040\000t\000u\000i\000\137\000h\000a\000n\000d\000l\000e\000\137\000i\000n\000p\000u\000t\000\050\000\051}{subsection.3.6.1}% 51
\BOOKMARK [3][-]{subsubsection.3.6.1.9}{\376\377\0003\000.\0006\000.\0001\000.\0009\000\040\000t\000u\000i\000\137\000i\000n\000i\000t\000\050\000\051}{subsection.3.6.1}% 52
\BOOKMARK [3][-]{subsubsection.3.6.1.10}{\376\377\0003\000.\0006\000.\0001\000.\0001\0000\000\040\000t\000u\000i\000\137\000r\000e\000s\000i\000z\000e\000\137\000h\000a\000n\000d\000l\000e\000r\000\050\000\051}{subsection.3.6.1}% 53
\BOOKMARK [3][-]{subsubsection.3.6.1.11}{\376\377\0003\000.\0006\000.\0001\000.\0001\0001\000\040\000t\000u\000i\000\137\000r\000e\000s\000i\000z\000e\000\137\000p\000a\000n\000e\000l\000\050\000\051}{subsection.3.6.1}% 54
\BOOKMARK [3][-]{subsubsection.3.6.1.12}{\376\377\0003\000.\0006\000.\0001\000.\0001\0002\000\040\000t\000u\000i\000\137\000s\000t\000o\000p\000\050\000\051}{subsection.3.6.1}% 55
\BOOKMARK [3][-]{subsubsection.3.6.1.13}{\376\377\0003\000.\0006\000.\0001\000.\0001\0003\000\040\000t\000u\000i\000\137\000u\000p\000d\000a\000t\000e\000\137\000t\000e\000r\000m\000i\000n\000a\000l\000\137\000s\000i\000z\000e\000\050\000\051}{subsection.3.6.1}% 56
\BOOKMARK [3][-]{subsubsection.3.6.1.14}{\376\377\0003\000.\0006\000.\0001\000.\0001\0004\000\040\000t\000u\000i\000\137\000u\000p\000d\000a\000t\000e\000\137\000u\000i\000\050\000\051}{subsection.3.6.1}% 57
\BOOKMARK [2][-]{subsection.3.6.2}{\376\377\0003\000.\0006\000.\0002\000\040\000V\000a\000r\000i\000a\000b\000l\000e\000\040\000D\000o\000c\000u\000m\000e\000n\000t\000a\000t\000i\000o\000n}{section.3.6}% 58
\BOOKMARK [3][-]{subsubsection.3.6.2.1}{\376\377\0003\000.\0006\000.\0002\000.\0001\000\040\000p\000a\000n\000e\000l\000\137\000i\000n\000f\000o}{subsection.3.6.2}% 59
\BOOKMARK [3][-]{subsubsection.3.6.2.2}{\376\377\0003\000.\0006\000.\0002\000.\0002\000\040\000p\000a\000n\000e\000l\000\137\000n\000o\000t\000i\000f\000y\000\137\000e\000x\000i\000t}{subsection.3.6.2}% 60
\BOOKMARK [3][-]{subsubsection.3.6.2.3}{\376\377\0003\000.\0006\000.\0002\000.\0003\000\040\000p\000a\000n\000e\000l\000\137\000o\000p\000t\000i\000o\000n\000\137\000m\000e\000n\000u}{subsection.3.6.2}% 61
\BOOKMARK [3][-]{subsubsection.3.6.2.4}{\376\377\0003\000.\0006\000.\0002\000.\0004\000\040\000p\000a\000n\000e\000l\000\137\000s\000c\000h\000e\000m\000\137\000v\000i\000e\000w\000e\000r}{subsection.3.6.2}% 62
\BOOKMARK [3][-]{subsubsection.3.6.2.5}{\376\377\0003\000.\0006\000.\0002\000.\0005\000\040\000p\000a\000n\000e\000l\000\137\000s\000r\000c\000\137\000b\000r\000o\000w\000s\000e\000r}{subsection.3.6.2}% 63
\BOOKMARK [3][-]{subsubsection.3.6.2.6}{\376\377\0003\000.\0006\000.\0002\000.\0006\000\040\000w\000i\000n\000d\000o\000w\000\137\000b\000a\000s\000e}{subsection.3.6.2}% 64
\BOOKMARK [0][-]{section*.47}{\376\377\000I\000n\000d\000e\000x}{}% 65
